2025-04-12 12:16:20,013 [Worker-5: Loading available Gradle versions] INFO  o.e.b.c.i.u.g.PublishedGradleVersions - Gradle version information cache is not available. Remote download required.
2025-04-12 12:27:00,946 [Worker-4: Loading available Gradle versions] INFO  o.e.b.c.i.u.g.PublishedGradleVersions - Gradle version information cache is up-to-date. Trying to read.
2025-04-14 15:01:51,010 [Worker-1: Loading available Gradle versions] INFO  o.e.b.c.i.u.g.PublishedGradleVersions - Gradle version information cache is out-of-date. Trying to update.
2025-04-15 12:48:00,876 [Worker-20: Loading available Gradle versions] INFO  o.e.b.c.i.u.g.PublishedGradleVersions - Gradle version information cache is up-to-date. Trying to read.
2025-04-16 10:45:37,904 [Worker-14: Loading available Gradle versions] INFO  o.e.b.c.i.u.g.PublishedGradleVersions - Gradle version information cache is out-of-date. Trying to update.
2025-04-17 10:09:50,078 [Worker-1: Loading available Gradle versions] INFO  o.e.b.c.i.u.g.PublishedGradleVersions - Gradle version information cache is up-to-date. Trying to read.
2025-04-18 14:13:18,369 [Worker-2: Loading available Gradle versions] INFO  o.e.b.c.i.u.g.PublishedGradleVersions - Gradle version information cache is out-of-date. Trying to update.
2025-04-18 14:14:17,289 [Worker-2: Loading available Gradle versions] INFO  o.e.b.c.i.u.g.PublishedGradleVersions - Updating Gradle version information cache failed. Using outdated cache.
2025-04-19 10:07:49,702 [Worker-2: Loading available Gradle versions] INFO  o.e.b.c.i.u.g.PublishedGradleVersions - Gradle version information cache is out-of-date. Trying to update.
2025-04-22 12:56:18,361 [Worker-3: Loading available Gradle versions] INFO  o.e.b.c.i.u.g.PublishedGradleVersions - Gradle version information cache is out-of-date. Trying to update.
2025-04-22 15:09:53,489 [Worker-1: Loading available Gradle versions] INFO  o.e.b.c.i.u.g.PublishedGradleVersions - Gradle version information cache is up-to-date. Trying to read.
2025-04-23 10:50:36,431 [Worker-4: Loading available Gradle versions] INFO  o.e.b.c.i.u.g.PublishedGradleVersions - Gradle version information cache is up-to-date. Trying to read.
2025-04-24 10:44:00,276 [Worker-2: Loading available Gradle versions] INFO  o.e.b.c.i.u.g.PublishedGradleVersions - Gradle version information cache is out-of-date. Trying to update.
2025-04-24 10:44:06,552 [Worker-2: Loading available Gradle versions] INFO  o.e.b.c.i.u.g.PublishedGradleVersions - Updating Gradle version information cache failed. Using outdated cache.
2025-04-24 15:46:01,205 [Worker-4: Loading available Gradle versions] INFO  o.e.b.c.i.u.g.PublishedGradleVersions - Gradle version information cache is out-of-date. Trying to update.
2025-04-24 16:39:33,957 [Worker-2: Loading available Gradle versions] INFO  o.e.b.c.i.u.g.PublishedGradleVersions - Gradle version information cache is up-to-date. Trying to read.
2025-04-25 11:05:53,237 [Worker-0: Loading available Gradle versions] INFO  o.e.b.c.i.u.g.PublishedGradleVersions - Gradle version information cache is up-to-date. Trying to read.
2025-04-25 12:54:12,583 [ModalContext] INFO  o.e.m.c.i.e.AbstractTransferListenerAdapter - Downloading https://repo.maven.apache.org/maven2/org/apache/maven/archetypes/maven-archetype-webapp/1.0/maven-archetype-webapp-1.0.pom
2025-04-25 12:54:12,942 [ModalContext] INFO  o.e.m.c.i.e.AbstractTransferListenerAdapter - Downloaded https://repo.maven.apache.org/maven2/org/apache/maven/archetypes/maven-archetype-webapp/1.0/maven-archetype-webapp-1.0.pom
2025-04-25 12:54:13,316 [ModalContext] INFO  o.e.m.c.i.e.AbstractTransferListenerAdapter - Downloading https://repo.maven.apache.org/maven2/org/apache/maven/archetypes/maven-archetype-bundles/2/maven-archetype-bundles-2.pom
2025-04-25 12:54:13,864 [ModalContext] INFO  o.e.m.c.i.e.AbstractTransferListenerAdapter - Downloaded https://repo.maven.apache.org/maven2/org/apache/maven/archetypes/maven-archetype-bundles/2/maven-archetype-bundles-2.pom
2025-04-25 12:54:13,953 [ModalContext] INFO  o.e.m.c.i.e.AbstractTransferListenerAdapter - Downloading https://repo.maven.apache.org/maven2/org/apache/maven/archetype/maven-archetype-parent/1/maven-archetype-parent-1.pom
2025-04-25 12:54:14,078 [ModalContext] INFO  o.e.m.c.i.e.AbstractTransferListenerAdapter - Downloaded https://repo.maven.apache.org/maven2/org/apache/maven/archetype/maven-archetype-parent/1/maven-archetype-parent-1.pom
2025-04-25 12:54:14,221 [ModalContext] INFO  o.e.m.c.i.e.AbstractTransferListenerAdapter - Downloading https://repo.maven.apache.org/maven2/org/apache/maven/maven-parent/4/maven-parent-4.pom
2025-04-25 12:54:14,500 [ModalContext] INFO  o.e.m.c.i.e.AbstractTransferListenerAdapter - Downloaded https://repo.maven.apache.org/maven2/org/apache/maven/maven-parent/4/maven-parent-4.pom
2025-04-25 12:54:14,632 [ModalContext] INFO  o.e.m.c.i.e.AbstractTransferListenerAdapter - Downloading https://repo.maven.apache.org/maven2/org/apache/apache/3/apache-3.pom
2025-04-25 12:54:14,747 [ModalContext] INFO  o.e.m.c.i.e.AbstractTransferListenerAdapter - Downloaded https://repo.maven.apache.org/maven2/org/apache/apache/3/apache-3.pom
2025-04-25 12:54:15,046 [ModalContext] INFO  o.e.m.c.i.e.AbstractTransferListenerAdapter - Downloading https://repo.maven.apache.org/maven2/org/apache/maven/archetypes/maven-archetype-webapp/1.0/maven-archetype-webapp-1.0.jar
2025-04-25 12:54:18,443 [ModalContext] INFO  o.e.m.c.i.e.AbstractTransferListenerAdapter - Downloaded https://repo.maven.apache.org/maven2/org/apache/maven/archetypes/maven-archetype-webapp/1.0/maven-archetype-webapp-1.0.jar
2025-04-25 12:55:26,074 [Worker-25: Launching mavenrun-c2fd248f-73c5-4248-88fa-a33436b812ec] INFO  o.eclipse.m2e.core.internal.Bundles - getClasspathEntries(Bundle=org.eclipse.m2e.maven.runtime_3.9.900.20250220-2013 [637])
2025-04-25 12:55:26,104 [Worker-25: Launching mavenrun-c2fd248f-73c5-4248-88fa-a33436b812ec] INFO  o.eclipse.m2e.core.internal.Bundles - 	Entry: C:\Users\aasti\.p2\pool\plugins\org.eclipse.m2e.maven.runtime_3.9.900.20250220-2013
2025-04-25 12:55:26,321 [Worker-25: Launching mavenrun-c2fd248f-73c5-4248-88fa-a33436b812ec] INFO  o.eclipse.m2e.core.internal.Bundles - 	Entry: C:\Users\aasti\.p2\pool\plugins\org.eclipse.m2e.maven.runtime_3.9.900.20250220-2013\jars\aopalliance-1.0.jar
2025-04-25 12:55:26,322 [Worker-25: Launching mavenrun-c2fd248f-73c5-4248-88fa-a33436b812ec] INFO  o.eclipse.m2e.core.internal.Bundles - 	Entry: C:\Users\aasti\.p2\pool\plugins\org.eclipse.m2e.maven.runtime_3.9.900.20250220-2013\jars\guice-5.1.0.jar
2025-04-25 12:55:26,333 [Worker-25: Launching mavenrun-c2fd248f-73c5-4248-88fa-a33436b812ec] INFO  o.eclipse.m2e.core.internal.Bundles - 	Entry: C:\Users\aasti\.p2\pool\plugins\org.eclipse.m2e.maven.runtime_3.9.900.20250220-2013\jars\httpclient-4.5.14.jar
2025-04-25 12:55:26,349 [Worker-25: Launching mavenrun-c2fd248f-73c5-4248-88fa-a33436b812ec] INFO  o.eclipse.m2e.core.internal.Bundles - 	Entry: C:\Users\aasti\.p2\pool\plugins\org.eclipse.m2e.maven.runtime_3.9.900.20250220-2013\jars\httpcore-4.4.16.jar
2025-04-25 12:55:26,349 [Worker-25: Launching mavenrun-c2fd248f-73c5-4248-88fa-a33436b812ec] INFO  o.eclipse.m2e.core.internal.Bundles - 	Entry: C:\Users\aasti\.p2\pool\plugins\org.eclipse.m2e.maven.runtime_3.9.900.20250220-2013\jars\jansi-2.4.1.jar
2025-04-25 12:55:26,350 [Worker-25: Launching mavenrun-c2fd248f-73c5-4248-88fa-a33436b812ec] INFO  o.eclipse.m2e.core.internal.Bundles - 	Entry: C:\Users\aasti\.p2\pool\plugins\org.eclipse.m2e.maven.runtime_3.9.900.20250220-2013\jars\jcl-over-slf4j-1.7.36.jar
2025-04-25 12:55:26,362 [Worker-25: Launching mavenrun-c2fd248f-73c5-4248-88fa-a33436b812ec] INFO  o.eclipse.m2e.core.internal.Bundles - 	Entry: C:\Users\aasti\.p2\pool\plugins\org.eclipse.m2e.maven.runtime_3.9.900.20250220-2013\jars\maven-artifact-3.9.9.jar
2025-04-25 12:55:26,375 [Worker-25: Launching mavenrun-c2fd248f-73c5-4248-88fa-a33436b812ec] INFO  o.eclipse.m2e.core.internal.Bundles - 	Entry: C:\Users\aasti\.p2\pool\plugins\org.eclipse.m2e.maven.runtime_3.9.900.20250220-2013\jars\maven-builder-support-3.9.9.jar
2025-04-25 12:55:26,376 [Worker-25: Launching mavenrun-c2fd248f-73c5-4248-88fa-a33436b812ec] INFO  o.eclipse.m2e.core.internal.Bundles - 	Entry: C:\Users\aasti\.p2\pool\plugins\org.eclipse.m2e.maven.runtime_3.9.900.20250220-2013\jars\maven-compat-3.9.9.jar
2025-04-25 12:55:26,377 [Worker-25: Launching mavenrun-c2fd248f-73c5-4248-88fa-a33436b812ec] INFO  o.eclipse.m2e.core.internal.Bundles - 	Entry: C:\Users\aasti\.p2\pool\plugins\org.eclipse.m2e.maven.runtime_3.9.900.20250220-2013\jars\maven-core-3.9.9.jar
2025-04-25 12:55:26,377 [Worker-25: Launching mavenrun-c2fd248f-73c5-4248-88fa-a33436b812ec] INFO  o.eclipse.m2e.core.internal.Bundles - 	Entry: C:\Users\aasti\.p2\pool\plugins\org.eclipse.m2e.maven.runtime_3.9.900.20250220-2013\jars\maven-embedder-3.9.9.jar
2025-04-25 12:55:26,378 [Worker-25: Launching mavenrun-c2fd248f-73c5-4248-88fa-a33436b812ec] INFO  o.eclipse.m2e.core.internal.Bundles - 	Entry: C:\Users\aasti\.p2\pool\plugins\org.eclipse.m2e.maven.runtime_3.9.900.20250220-2013\jars\maven-model-3.9.9.jar
2025-04-25 12:55:26,378 [Worker-25: Launching mavenrun-c2fd248f-73c5-4248-88fa-a33436b812ec] INFO  o.eclipse.m2e.core.internal.Bundles - 	Entry: C:\Users\aasti\.p2\pool\plugins\org.eclipse.m2e.maven.runtime_3.9.900.20250220-2013\jars\maven-model-builder-3.9.9.jar
2025-04-25 12:55:26,379 [Worker-25: Launching mavenrun-c2fd248f-73c5-4248-88fa-a33436b812ec] INFO  o.eclipse.m2e.core.internal.Bundles - 	Entry: C:\Users\aasti\.p2\pool\plugins\org.eclipse.m2e.maven.runtime_3.9.900.20250220-2013\jars\maven-plugin-api-3.9.9.jar
2025-04-25 12:55:26,380 [Worker-25: Launching mavenrun-c2fd248f-73c5-4248-88fa-a33436b812ec] INFO  o.eclipse.m2e.core.internal.Bundles - 	Entry: C:\Users\aasti\.p2\pool\plugins\org.eclipse.m2e.maven.runtime_3.9.900.20250220-2013\jars\maven-repository-metadata-3.9.9.jar
2025-04-25 12:55:26,380 [Worker-25: Launching mavenrun-c2fd248f-73c5-4248-88fa-a33436b812ec] INFO  o.eclipse.m2e.core.internal.Bundles - 	Entry: C:\Users\aasti\.p2\pool\plugins\org.eclipse.m2e.maven.runtime_3.9.900.20250220-2013\jars\maven-resolver-api-1.9.22.jar
2025-04-25 12:55:26,381 [Worker-25: Launching mavenrun-c2fd248f-73c5-4248-88fa-a33436b812ec] INFO  o.eclipse.m2e.core.internal.Bundles - 	Entry: C:\Users\aasti\.p2\pool\plugins\org.eclipse.m2e.maven.runtime_3.9.900.20250220-2013\jars\maven-resolver-connector-basic-1.9.22.jar
2025-04-25 12:55:26,382 [Worker-25: Launching mavenrun-c2fd248f-73c5-4248-88fa-a33436b812ec] INFO  o.eclipse.m2e.core.internal.Bundles - 	Entry: C:\Users\aasti\.p2\pool\plugins\org.eclipse.m2e.maven.runtime_3.9.900.20250220-2013\jars\maven-resolver-impl-1.9.22.jar
2025-04-25 12:55:26,382 [Worker-25: Launching mavenrun-c2fd248f-73c5-4248-88fa-a33436b812ec] INFO  o.eclipse.m2e.core.internal.Bundles - 	Entry: C:\Users\aasti\.p2\pool\plugins\org.eclipse.m2e.maven.runtime_3.9.900.20250220-2013\jars\maven-resolver-named-locks-1.9.22.jar
2025-04-25 12:55:26,383 [Worker-25: Launching mavenrun-c2fd248f-73c5-4248-88fa-a33436b812ec] INFO  o.eclipse.m2e.core.internal.Bundles - 	Entry: C:\Users\aasti\.p2\pool\plugins\org.eclipse.m2e.maven.runtime_3.9.900.20250220-2013\jars\maven-resolver-provider-3.9.9.jar
2025-04-25 12:55:26,384 [Worker-25: Launching mavenrun-c2fd248f-73c5-4248-88fa-a33436b812ec] INFO  o.eclipse.m2e.core.internal.Bundles - 	Entry: C:\Users\aasti\.p2\pool\plugins\org.eclipse.m2e.maven.runtime_3.9.900.20250220-2013\jars\maven-resolver-spi-1.9.22.jar
2025-04-25 12:55:26,384 [Worker-25: Launching mavenrun-c2fd248f-73c5-4248-88fa-a33436b812ec] INFO  o.eclipse.m2e.core.internal.Bundles - 	Entry: C:\Users\aasti\.p2\pool\plugins\org.eclipse.m2e.maven.runtime_3.9.900.20250220-2013\jars\maven-resolver-transport-file-1.9.22.jar
2025-04-25 12:55:26,385 [Worker-25: Launching mavenrun-c2fd248f-73c5-4248-88fa-a33436b812ec] INFO  o.eclipse.m2e.core.internal.Bundles - 	Entry: C:\Users\aasti\.p2\pool\plugins\org.eclipse.m2e.maven.runtime_3.9.900.20250220-2013\jars\maven-resolver-transport-http-1.9.22.jar
2025-04-25 12:55:26,386 [Worker-25: Launching mavenrun-c2fd248f-73c5-4248-88fa-a33436b812ec] INFO  o.eclipse.m2e.core.internal.Bundles - 	Entry: C:\Users\aasti\.p2\pool\plugins\org.eclipse.m2e.maven.runtime_3.9.900.20250220-2013\jars\maven-resolver-transport-wagon-1.9.22.jar
2025-04-25 12:55:26,402 [Worker-25: Launching mavenrun-c2fd248f-73c5-4248-88fa-a33436b812ec] INFO  o.eclipse.m2e.core.internal.Bundles - 	Entry: C:\Users\aasti\.p2\pool\plugins\org.eclipse.m2e.maven.runtime_3.9.900.20250220-2013\jars\maven-resolver-util-1.9.22.jar
2025-04-25 12:55:26,411 [Worker-25: Launching mavenrun-c2fd248f-73c5-4248-88fa-a33436b812ec] INFO  o.eclipse.m2e.core.internal.Bundles - 	Entry: C:\Users\aasti\.p2\pool\plugins\org.eclipse.m2e.maven.runtime_3.9.900.20250220-2013\jars\maven-settings-3.9.9.jar
2025-04-25 12:55:26,412 [Worker-25: Launching mavenrun-c2fd248f-73c5-4248-88fa-a33436b812ec] INFO  o.eclipse.m2e.core.internal.Bundles - 	Entry: C:\Users\aasti\.p2\pool\plugins\org.eclipse.m2e.maven.runtime_3.9.900.20250220-2013\jars\maven-settings-builder-3.9.9.jar
2025-04-25 12:55:26,413 [Worker-25: Launching mavenrun-c2fd248f-73c5-4248-88fa-a33436b812ec] INFO  o.eclipse.m2e.core.internal.Bundles - 	Entry: C:\Users\aasti\.p2\pool\plugins\org.eclipse.m2e.maven.runtime_3.9.900.20250220-2013\jars\maven-shared-utils-3.4.2.jar
2025-04-25 12:55:26,430 [Worker-25: Launching mavenrun-c2fd248f-73c5-4248-88fa-a33436b812ec] INFO  o.eclipse.m2e.core.internal.Bundles - 	Entry: C:\Users\aasti\.p2\pool\plugins\org.eclipse.m2e.maven.runtime_3.9.900.20250220-2013\jars\org.eclipse.sisu.inject-0.9.0.M3.jar
2025-04-25 12:55:26,436 [Worker-25: Launching mavenrun-c2fd248f-73c5-4248-88fa-a33436b812ec] INFO  o.eclipse.m2e.core.internal.Bundles - 	Entry: C:\Users\aasti\.p2\pool\plugins\org.eclipse.m2e.maven.runtime_3.9.900.20250220-2013\jars\org.eclipse.sisu.plexus-0.9.0.M3.jar
2025-04-25 12:55:26,437 [Worker-25: Launching mavenrun-c2fd248f-73c5-4248-88fa-a33436b812ec] INFO  o.eclipse.m2e.core.internal.Bundles - 	Entry: C:\Users\aasti\.p2\pool\plugins\org.eclipse.m2e.maven.runtime_3.9.900.20250220-2013\jars\plexus-build-api-0.0.7.jar
2025-04-25 12:55:26,447 [Worker-25: Launching mavenrun-c2fd248f-73c5-4248-88fa-a33436b812ec] INFO  o.eclipse.m2e.core.internal.Bundles - 	Entry: C:\Users\aasti\.p2\pool\plugins\org.eclipse.m2e.maven.runtime_3.9.900.20250220-2013\jars\plexus-build-api-1.2.0.jar
2025-04-25 12:55:26,448 [Worker-25: Launching mavenrun-c2fd248f-73c5-4248-88fa-a33436b812ec] INFO  o.eclipse.m2e.core.internal.Bundles - 	Entry: C:\Users\aasti\.p2\pool\plugins\org.eclipse.m2e.maven.runtime_3.9.900.20250220-2013\jars\plexus-cipher-2.0.jar
2025-04-25 12:55:26,466 [Worker-25: Launching mavenrun-c2fd248f-73c5-4248-88fa-a33436b812ec] INFO  o.eclipse.m2e.core.internal.Bundles - 	Entry: C:\Users\aasti\.p2\pool\plugins\org.eclipse.m2e.maven.runtime_3.9.900.20250220-2013\jars\plexus-classworlds-2.8.0.jar
2025-04-25 12:55:26,482 [Worker-25: Launching mavenrun-c2fd248f-73c5-4248-88fa-a33436b812ec] INFO  o.eclipse.m2e.core.internal.Bundles - 	Entry: C:\Users\aasti\.p2\pool\plugins\org.eclipse.m2e.maven.runtime_3.9.900.20250220-2013\jars\plexus-component-annotations-2.1.0.jar
2025-04-25 12:55:26,483 [Worker-25: Launching mavenrun-c2fd248f-73c5-4248-88fa-a33436b812ec] INFO  o.eclipse.m2e.core.internal.Bundles - 	Entry: C:\Users\aasti\.p2\pool\plugins\org.eclipse.m2e.maven.runtime_3.9.900.20250220-2013\jars\plexus-interpolation-1.27.jar
2025-04-25 12:55:26,484 [Worker-25: Launching mavenrun-c2fd248f-73c5-4248-88fa-a33436b812ec] INFO  o.eclipse.m2e.core.internal.Bundles - 	Entry: C:\Users\aasti\.p2\pool\plugins\org.eclipse.m2e.maven.runtime_3.9.900.20250220-2013\jars\plexus-sec-dispatcher-2.0.jar
2025-04-25 12:55:26,485 [Worker-25: Launching mavenrun-c2fd248f-73c5-4248-88fa-a33436b812ec] INFO  o.eclipse.m2e.core.internal.Bundles - 	Entry: C:\Users\aasti\.p2\pool\plugins\org.eclipse.m2e.maven.runtime_3.9.900.20250220-2013\jars\plexus-utils-3.5.1.jar
2025-04-25 12:55:26,485 [Worker-25: Launching mavenrun-c2fd248f-73c5-4248-88fa-a33436b812ec] INFO  o.eclipse.m2e.core.internal.Bundles - 	Entry: C:\Users\aasti\.p2\pool\plugins\org.eclipse.m2e.maven.runtime_3.9.900.20250220-2013\jars\plexus-xml-3.0.1.jar
2025-04-25 12:55:26,486 [Worker-25: Launching mavenrun-c2fd248f-73c5-4248-88fa-a33436b812ec] INFO  o.eclipse.m2e.core.internal.Bundles - 	Entry: C:\Users\aasti\.p2\pool\plugins\org.eclipse.m2e.maven.runtime_3.9.900.20250220-2013\jars\wagon-file-3.5.3.jar
2025-04-25 12:55:26,487 [Worker-25: Launching mavenrun-c2fd248f-73c5-4248-88fa-a33436b812ec] INFO  o.eclipse.m2e.core.internal.Bundles - 	Entry: C:\Users\aasti\.p2\pool\plugins\org.eclipse.m2e.maven.runtime_3.9.900.20250220-2013\jars\wagon-http-3.5.3.jar
2025-04-25 12:55:26,488 [Worker-25: Launching mavenrun-c2fd248f-73c5-4248-88fa-a33436b812ec] INFO  o.eclipse.m2e.core.internal.Bundles - 	Entry: C:\Users\aasti\.p2\pool\plugins\org.eclipse.m2e.maven.runtime_3.9.900.20250220-2013\jars\wagon-http-shared-3.5.3.jar
2025-04-25 12:55:26,488 [Worker-25: Launching mavenrun-c2fd248f-73c5-4248-88fa-a33436b812ec] INFO  o.eclipse.m2e.core.internal.Bundles - 	Entry: C:\Users\aasti\.p2\pool\plugins\org.eclipse.m2e.maven.runtime_3.9.900.20250220-2013\jars\wagon-provider-api-3.5.3.jar
2025-04-25 12:55:26,490 [Worker-25: Launching mavenrun-c2fd248f-73c5-4248-88fa-a33436b812ec] INFO  o.eclipse.m2e.core.internal.Bundles - getClasspathEntries(Bundle=com.google.guava_33.4.0.jre [16])
2025-04-25 12:55:26,505 [Worker-25: Launching mavenrun-c2fd248f-73c5-4248-88fa-a33436b812ec] INFO  o.eclipse.m2e.core.internal.Bundles - 	Entry: C:\Users\aasti\.p2\pool\plugins\com.google.guava_33.4.0.jre.jar
2025-04-25 12:55:26,506 [Worker-25: Launching mavenrun-c2fd248f-73c5-4248-88fa-a33436b812ec] INFO  o.eclipse.m2e.core.internal.Bundles - getClasspathEntries(Bundle=slf4j.api_2.0.17 [1004])
2025-04-25 12:55:26,507 [Worker-25: Launching mavenrun-c2fd248f-73c5-4248-88fa-a33436b812ec] INFO  o.eclipse.m2e.core.internal.Bundles - 	Entry: C:\Users\aasti\.p2\pool\plugins\slf4j.api_2.0.17.jar
2025-04-25 12:55:26,507 [Worker-25: Launching mavenrun-c2fd248f-73c5-4248-88fa-a33436b812ec] INFO  o.eclipse.m2e.core.internal.Bundles - getClasspathEntries(Bundle=jakarta.inject.jakarta.inject-api_1.0.5 [34])
2025-04-25 12:55:26,508 [Worker-25: Launching mavenrun-c2fd248f-73c5-4248-88fa-a33436b812ec] INFO  o.eclipse.m2e.core.internal.Bundles - 	Entry: C:\Users\aasti\.p2\pool\plugins\jakarta.inject.jakarta.inject-api_1.0.5.jar
2025-04-25 12:55:26,509 [Worker-25: Launching mavenrun-c2fd248f-73c5-4248-88fa-a33436b812ec] INFO  o.eclipse.m2e.core.internal.Bundles - getClasspathEntries(Bundle=jakarta.annotation-api_1.3.5 [29])
2025-04-25 12:55:26,510 [Worker-25: Launching mavenrun-c2fd248f-73c5-4248-88fa-a33436b812ec] INFO  o.eclipse.m2e.core.internal.Bundles - 	Entry: C:\Users\aasti\.p2\pool\plugins\jakarta.annotation-api_1.3.5.jar
2025-04-25 12:55:26,510 [Worker-25: Launching mavenrun-c2fd248f-73c5-4248-88fa-a33436b812ec] INFO  o.eclipse.m2e.core.internal.Bundles - getClasspathEntries(Bundle=org.apache.commons.cli_1.9.0 [74])
2025-04-25 12:55:26,512 [Worker-25: Launching mavenrun-c2fd248f-73c5-4248-88fa-a33436b812ec] INFO  o.eclipse.m2e.core.internal.Bundles - 	Entry: C:\Users\aasti\.p2\pool\plugins\org.apache.commons.cli_1.9.0.jar
2025-04-25 12:55:26,512 [Worker-25: Launching mavenrun-c2fd248f-73c5-4248-88fa-a33436b812ec] INFO  o.eclipse.m2e.core.internal.Bundles - getClasspathEntries(Bundle=org.apache.commons.commons-codec_1.16.0 [76])
2025-04-25 12:55:26,513 [Worker-25: Launching mavenrun-c2fd248f-73c5-4248-88fa-a33436b812ec] INFO  o.eclipse.m2e.core.internal.Bundles - 	Entry: C:\Users\aasti\.p2\pool\plugins\org.apache.commons.commons-codec_1.16.0.jar
2025-04-25 12:55:26,513 [Worker-25: Launching mavenrun-c2fd248f-73c5-4248-88fa-a33436b812ec] INFO  o.eclipse.m2e.core.internal.Bundles - getClasspathEntries(Bundle=com.google.guava.failureaccess_1.0.2 [17])
2025-04-25 12:55:26,514 [Worker-25: Launching mavenrun-c2fd248f-73c5-4248-88fa-a33436b812ec] INFO  o.eclipse.m2e.core.internal.Bundles - 	Entry: C:\Users\aasti\.p2\pool\plugins\com.google.guava.failureaccess_1.0.2.jar
2025-04-25 12:55:26,614 [Worker-25: Launching mavenrun-c2fd248f-73c5-4248-88fa-a33436b812ec] INFO  o.e.m.i.launch.MavenLaunchDelegate - Run build in "C:\Users\aasti\AppData\Local\Temp\m2e-archetypeGenerator17103323420052798414":
2025-04-25 12:55:26,933 [Worker-25: Launching mavenrun-c2fd248f-73c5-4248-88fa-a33436b812ec] INFO  o.e.m.i.launch.MavenLaunchDelegate -  mvn  -DarchetypeGroupId=org.apache.maven.archetypes -DarchetypeArtifactId=maven-archetype-webapp -DarchetypeVersion=1.0 -DgroupId=in.co.rays.proj4 -DartifactId=ORSProject4 -Dversion=0.0.1-SNAPSHOT -Dpackage=in.co.rays.proj4.ORSProject4 -DoutputDirectory="C:\Users\aasti\OneDrive\Desktop\jdbc 1 to 2" -Dstyle.color=always -U archetype:generate
2025-04-25 15:05:42,029 [Worker-1: Loading available Gradle versions] INFO  o.e.b.c.i.u.g.PublishedGradleVersions - Gradle version information cache is up-to-date. Trying to read.
2025-04-25 17:08:04,804 [Worker-3: Loading available Gradle versions] INFO  o.e.b.c.i.u.g.PublishedGradleVersions - Gradle version information cache is out-of-date. Trying to update.
2025-04-26 10:52:44,777 [Worker-2: Loading available Gradle versions] INFO  o.e.b.c.i.u.g.PublishedGradleVersions - Gradle version information cache is up-to-date. Trying to read.
2025-04-26 12:54:09,439 [Worker-1: Loading available Gradle versions] INFO  o.e.b.c.i.u.g.PublishedGradleVersions - Gradle version information cache is up-to-date. Trying to read.
2025-04-27 20:24:33,888 [Worker-2: Loading available Gradle versions] INFO  o.e.b.c.i.u.g.PublishedGradleVersions - Gradle version information cache is out-of-date. Trying to update.
2025-04-28 12:10:29,845 [Worker-1: Loading available Gradle versions] INFO  o.e.b.c.i.u.g.PublishedGradleVersions - Gradle version information cache is up-to-date. Trying to read.
2025-04-28 14:52:45,184 [Worker-2: Loading available Gradle versions] INFO  o.e.b.c.i.u.g.PublishedGradleVersions - Gradle version information cache is up-to-date. Trying to read.
2025-04-28 16:05:45,820 [Worker-1: Loading available Gradle versions] INFO  o.e.b.c.i.u.g.PublishedGradleVersions - Gradle version information cache is up-to-date. Trying to read.
2025-04-29 10:15:18,333 [Worker-0: Loading available Gradle versions] INFO  o.e.b.c.i.u.g.PublishedGradleVersions - Gradle version information cache is out-of-date. Trying to update.
2025-04-29 14:43:34,095 [Worker-1: Loading available Gradle versions] INFO  o.e.b.c.i.u.g.PublishedGradleVersions - Gradle version information cache is up-to-date. Trying to read.
2025-04-29 15:43:38,789 [Worker-2: Loading available Gradle versions] INFO  o.e.b.c.i.u.g.PublishedGradleVersions - Gradle version information cache is up-to-date. Trying to read.
2025-04-30 10:07:11,662 [Worker-1: Loading available Gradle versions] INFO  o.e.b.c.i.u.g.PublishedGradleVersions - Gradle version information cache is up-to-date. Trying to read.
2025-04-30 12:04:59,405 [Worker-2: Loading available Gradle versions] INFO  o.e.b.c.i.u.g.PublishedGradleVersions - Gradle version information cache is out-of-date. Trying to update.
2025-04-30 12:05:02,491 [Worker-2: Loading available Gradle versions] INFO  o.e.b.c.i.u.g.PublishedGradleVersions - Updating Gradle version information cache failed. Using outdated cache.
2025-04-30 12:43:55,362 [Worker-2: Loading available Gradle versions] INFO  o.e.b.c.i.u.g.PublishedGradleVersions - Gradle version information cache is out-of-date. Trying to update.
2025-04-30 19:30:58,555 [Worker-1: Loading available Gradle versions] INFO  o.e.b.c.i.u.g.PublishedGradleVersions - Gradle version information cache is up-to-date. Trying to read.
2025-05-01 13:02:41,672 [Worker-2: Loading available Gradle versions] INFO  o.e.b.c.i.u.g.PublishedGradleVersions - Gradle version information cache is out-of-date. Trying to update.
2025-05-01 21:11:23,806 [Worker-26: Loading available Gradle versions] INFO  o.e.b.c.i.u.g.PublishedGradleVersions - Gradle version information cache is up-to-date. Trying to read.
2025-05-02 11:11:07,976 [Worker-1: Loading available Gradle versions] INFO  o.e.b.c.i.u.g.PublishedGradleVersions - Gradle version information cache is up-to-date. Trying to read.
2025-05-05 15:02:07,854 [Worker-0: Loading available Gradle versions] INFO  o.e.b.c.i.u.g.PublishedGradleVersions - Gradle version information cache is out-of-date. Trying to update.
2025-05-06 17:04:37,848 [Worker-3: Loading available Gradle versions] INFO  o.e.b.c.i.u.g.PublishedGradleVersions - Gradle version information cache is out-of-date. Trying to update.
2025-05-06 17:04:41,175 [Worker-3: Loading available Gradle versions] INFO  o.e.b.c.i.u.g.PublishedGradleVersions - Updating Gradle version information cache failed. Using outdated cache.
2025-05-10 10:54:47,190 [Worker-2: Loading available Gradle versions] INFO  o.e.b.c.i.u.g.PublishedGradleVersions - Gradle version information cache is out-of-date. Trying to update.
2025-05-10 10:54:49,793 [Worker-2: Loading available Gradle versions] INFO  o.e.b.c.i.u.g.PublishedGradleVersions - Updating Gradle version information cache failed. Using outdated cache.
2025-05-23 11:13:39,811 [Worker-0: Loading available Gradle versions] INFO  o.e.b.c.i.u.g.PublishedGradleVersions - Gradle version information cache is out-of-date. Trying to update.
